<?xml version="1.0" encoding="utf-8"?><testsuites name="pytest tests"><testsuite name="pytest" errors="0" failures="0" skipped="0" tests="27" time="5.374" timestamp="2026-09-18T07:04:35.684322+00:00" hostname="agent-env-dda24263-982c-4e73-a930-d78e7bb3f15f"><testcase classname="tests.backend_test.TestAuth" name="test_owner_login" time="0.481" /><testcase classname="tests.backend_test.TestAuth" name="test_customer_login" time="0.507" /><testcase classname="tests.backend_test.TestOrdersFlow" name="test_place_cod_order" time="1.665" /><testcase classname="tests.backend_test.TestAuth" name="test_wrong_password" time="0.337" /><testcase classname="tests.backend_test.TestAuth" name="test_me" time="0.447" /><testcase classname="tests.backend_test.TestOrdersFlow" name="test_place_upi_creates_transaction" time="0.578" /><testcase classname="tests.backend_test.TestAuth" name="test_me_no_token" time="0.118" /><testcase classname="tests.backend_test.TestOwnerProductCRUD" name="test_add_product" time="0.463" /><testcase classname="tests.backend_test.TestOrdersFlow" name="test_customer_sees_only_own_orders" time="0.117" /><testcase classname="tests.backend_test.TestOwnerProductCRUD" name="test_update_product" time="0.488" /><testcase classname="tests.backend_test.TestOrdersFlow" name="test_owner_status_transition" time="0.572" /><testcase classname="tests.backend_test.TestOwnerProductCRUD" name="test_customer_cannot_add_product" time="0.167" /><testcase classname="tests.backend_test.TestOrdersFlow" name="test_owner_mark_paid_creates_tx" time="0.276" /><testcase classname="tests.backend_test.TestOwnerProductCRUD" name="test_delete_product" time="0.243" /><testcase classname="tests.backend_test.TestOrdersFlow" name="test_empty_cart_400" time="0.113" /><testcase classname="tests.backend_test.TestProducts" name="test_45_seeded_products" time="0.110" /><testcase classname="tests.backend_test.TestOrdersFlow" name="test_customer_cannot_update_order" time="0.121" /><testcase classname="tests.backend_test.TestProducts" name="test_three_categories_15_each" time="0.354" /><testcase classname="tests.backend_test.TestSetup" name="test_status" time="0.141" /><testcase classname="tests.backend_test.TestSetup" name="test_apps_script_code" time="0.123" /><testcase classname="tests.backend_test.TestSetup" name="test_customer_forbidden_setup" time="0.116" /><testcase classname="tests.backend_test.TestProducts" name="test_product_shape" time="0.124" /><testcase classname="tests.backend_test.TestHealth" name="test_health" time="0.114" /><testcase classname="tests.backend_test.TestAnalytics" name="test_owner_ok" time="0.135" /><testcase classname="tests.backend_test.TestWishlist" name="test_add_and_remove" time="0.592" /><testcase classname="tests.backend_test.TestAnalytics" name="test_customer_forbidden" time="0.122" /><testcase classname="tests.backend_test.TestProfile" name="test_update_profile" time="0.280" /></testsuite></testsuites>